[INFO] 01:11:06:040 [File System]/(84871:84872): HANDSHAKE CON MEMORIA [EXITOSO]
[INFO] 01:11:27:661 [File System]/(84871:84873): Cliente conectado a Kernel
[INFO] 01:11:27:662 [File System]/(84871:84873): ::::::::::: KERNEL CONECTADO ::::::::::::
[INFO] 01:11:47:357 [File System]/(84871:84873): [KERNEL]> [15]enviar mensaje
[INFO] 01:11:58:080 [File System]/(84871:84873): [KERNEL]> [21]conectar con memoria
[INFO] 01:12:59:816 [File System]/(84871:84873): [KERNEL]> [8]memoria
[ERROR] 12:58:01:862 [File System]/(84871:84873): [DESCONEXION]: KERNEL
[INFO] 12:58:11:280 [File System]/(86461:86462): HANDSHAKE CON MEMORIA [EXITOSO]
[INFO] 12:58:17:396 [File System]/(86461:86463): Cliente conectado a Kernel
[ERROR] 12:58:17:396 [File System]/(86461:86463): Deseconexion en HANDSHAKE
[INFO] 00:38:28:092 [File System]/(4573:4574): HANDSHAKE CON MEMORIA [EXITOSO]
[INFO] 00:38:38:385 [File System]/(4573:4575): Cliente conectado a Kernel
[INFO] 00:38:38:386 [File System]/(4573:4575): ::::::::::: KERNEL CONECTADO ::::::::::::
[ERROR] 00:42:37:464 [File System]/(4573:4575): [DESCONEXION]: KERNEL
[INFO] 14:07:54:890 [File System]/(2629:2630): HANDSHAKE CON MEMORIA [EXITOSO]
[INFO] 14:08:11:058 [File System]/(2629:2631): Cliente conectado a Kernel
[INFO] 14:08:11:058 [File System]/(2629:2631): ::::::::::: KERNEL CONECTADO ::::::::::::
[ERROR] 14:09:35:767 [File System]/(2629:2631): [DESCONEXION]: KERNEL
[INFO] 14:10:40:468 [File System]/(2649:2650): HANDSHAKE CON MEMORIA [EXITOSO]
[INFO] 14:11:04:480 [File System]/(2649:2651): Cliente conectado a Kernel
[INFO] 14:11:04:482 [File System]/(2649:2651): ::::::::::: KERNEL CONECTADO ::::::::::::
[INFO] 14:13:03:156 [File System]/(2649:2650): Se recibio algo de MEMORIA
[ERROR] 14:13:03:156 [File System]/(2649:2650): [DESCONEXION]: KERNEL
[INFO] 14:36:25:702 [File System]/(2943:2944): HANDSHAKE CON MEMORIA [EXITOSO]
[INFO] 14:36:34:747 [File System]/(2943:2945): Cliente conectado a Kernel
[INFO] 14:36:34:749 [File System]/(2943:2945): ::::::::::: KERNEL CONECTADO ::::::::::::
[INFO] 14:37:07:559 [File System]/(2943:2944): Se recibio algo de MEMORIA
[ERROR] 14:37:07:560 [File System]/(2943:2944): [DESCONEXION]: KERNEL
[INFO] 14:39:57:243 [File System]/(3035:3036): HANDSHAKE CON MEMORIA [EXITOSO]
[INFO] 14:41:37:250 [File System]/(3035:3037): Cliente conectado a Kernel
[INFO] 14:41:37:250 [File System]/(3035:3037): ::::::::::: KERNEL CONECTADO ::::::::::::
[INFO] 14:42:00:714 [File System]/(3035:3036): Se recibio algo de MEMORIA
[ERROR] 14:42:00:714 [File System]/(3035:3036): [DESCONEXION]: KERNEL
[INFO] 14:47:29:116 [File System]/(3389:3390): HANDSHAKE CON MEMORIA [EXITOSO]
[INFO] 14:48:07:625 [File System]/(3389:3391): Cliente conectado a Kernel
[INFO] 14:48:07:625 [File System]/(3389:3391): ::::::::::: KERNEL CONECTADO ::::::::::::
[ERROR] 14:50:31:347 [File System]/(3389:3391): [DESCONEXION]: KERNEL
[INFO] 14:50:47:756 [File System]/(3410:3411): HANDSHAKE CON MEMORIA [EXITOSO]
[INFO] 14:51:09:098 [File System]/(3410:3411): Se recibio algo de MEMORIA
[ERROR] 14:51:09:098 [File System]/(3410:3411): [DESCONEXION]: KERNEL
[INFO] 14:53:39:867 [File System]/(3425:3427): Cliente conectado a Kernel
[INFO] 14:53:39:872 [File System]/(3425:3427): ::::::::::: KERNEL CONECTADO ::::::::::::
[ERROR] 15:00:33:573 [File System]/(3425:3427): [DESCONEXION]: KERNEL
[INFO] 15:00:49:332 [File System]/(3591:3592): HANDSHAKE CON MEMORIA [EXITOSO]
[INFO] 15:00:52:731 [File System]/(3591:3593): Cliente conectado a Kernel
[INFO] 15:00:52:734 [File System]/(3591:3593): ::::::::::: KERNEL CONECTADO ::::::::::::
[INFO] 02:42:32:102 [File System]/(2097:2098): HANDSHAKE CON MEMORIA [EXITOSO]
[INFO] 02:43:15:018 [File System]/(2097:2099): Cliente conectado a Kernel
[INFO] 02:43:15:018 [File System]/(2097:2099): ::::::::::: KERNEL CONECTADO ::::::::::::
[ERROR] 02:43:49:564 [File System]/(2097:2099): [DESCONEXION]: KERNEL
[INFO] 02:53:06:254 [File System]/(2161:2162): HANDSHAKE CON MEMORIA [EXITOSO]
[INFO] 02:55:51:271 [File System]/(2161:2163): Cliente conectado a Kernel
[INFO] 02:55:51:271 [File System]/(2161:2163): ::::::::::: KERNEL CONECTADO ::::::::::::
[INFO] 03:03:44:748 [File System]/(2161:2162): Se recibio algo de MEMORIA
[ERROR] 03:03:44:748 [File System]/(2161:2162): [DESCONEXION]: KERNEL
[INFO] 03:03:56:340 [File System]/(2766:2767): HANDSHAKE CON MEMORIA [EXITOSO]
[INFO] 03:04:26:601 [File System]/(2766:2767): Se recibio algo de MEMORIA
[ERROR] 03:04:26:601 [File System]/(2766:2767): [DESCONEXION]: KERNEL
[INFO] 03:04:59:263 [File System]/(2812:2813): HANDSHAKE CON MEMORIA [EXITOSO]
[INFO] 03:12:55:698 [File System]/(1926:1927): HANDSHAKE CON MEMORIA [EXITOSO]
[INFO] 03:13:14:210 [File System]/(1926:1928): Cliente conectado a Kernel
[ERROR] 03:13:14:211 [File System]/(1926:1928): Deseconexion en HANDSHAKE
[INFO] 03:16:17:814 [File System]/(2168:2169): HANDSHAKE CON MEMORIA [EXITOSO]
[INFO] 03:16:23:442 [File System]/(2168:2170): Cliente conectado a Kernel
[INFO] 03:16:23:450 [File System]/(2168:2170): ::::::::::: KERNEL CONECTADO ::::::::::::
[ERROR] 03:16:45:954 [File System]/(2168:2170): [DESCONEXION]: KERNEL
[INFO] 03:54:11:892 [File System]/(3165:3166): HANDSHAKE CON MEMORIA [EXITOSO]
[INFO] 03:54:19:511 [File System]/(3165:3167): Cliente conectado a Kernel
[INFO] 03:54:19:512 [File System]/(3165:3167): ::::::::::: KERNEL CONECTADO ::::::::::::
[ERROR] 04:04:44:819 [File System]/(3165:3167): [DESCONEXION]: KERNEL
[ERROR] 04:09:48:661 [File System]/(3539:3540): Error en handshake con MEMORIA
[INFO] 04:09:53:946 [File System]/(3868:3869): HANDSHAKE CON MEMORIA [EXITOSO]
[INFO] 04:10:08:303 [File System]/(3868:3870): Cliente conectado a Kernel
[INFO] 04:10:08:304 [File System]/(3868:3870): ::::::::::: KERNEL CONECTADO ::::::::::::
[INFO] 04:15:43:855 [File System]/(3997:3999): Cliente conectado a Kernel
[ERROR] 04:15:43:855 [File System]/(3997:3999): Deseconexion en HANDSHAKE
[INFO] 04:18:25:449 [File System]/(4497:4499): Cliente conectado a Kernel
[ERROR] 04:18:25:449 [File System]/(4497:4499): Desconexion en HANDSHAKE
[INFO] 04:21:47:168 [File System]/(4721:4722): HANDSHAKE CON MEMORIA [EXITOSO]
[INFO] 04:22:28:699 [File System]/(4721:4723): Cliente conectado a Kernel
[INFO] 04:22:28:699 [File System]/(4721:4723): ::::::::::: KERNEL CONECTADO ::::::::::::
[INFO] 04:27:26:133 [File System]/(4721:4722): Se recibio algo de MEMORIA
[ERROR] 04:27:26:133 [File System]/(4721:4722): [DESCONEXION]: KERNEL
[ERROR] 04:58:41:805 [File System]/(3116:3117): Error en handshake con MEMORIA
[ERROR] 04:59:07:738 [File System]/(3356:3357): Error en handshake con MEMORIA
[INFO] 04:59:30:772 [File System]/(3383:3384): HANDSHAKE CON MEMORIA [EXITOSO]
[INFO] 04:59:36:979 [File System]/(3383:3384): Se recibio algo de MEMORIA
[ERROR] 04:59:36:979 [File System]/(3383:3384): [DESCONEXION]: KERNEL
[INFO] 05:02:24:804 [File System]/(3506:3507): HANDSHAKE CON MEMORIA [EXITOSO]
[INFO] 05:02:27:694 [File System]/(3506:3507): Se recibio algo de MEMORIA
[ERROR] 05:02:27:694 [File System]/(3506:3507): [DESCONEXION]: KERNEL
[ERROR] 05:05:01:593 [File System]/(3584:3585): Error en handshake con MEMORIA
[ERROR] 05:05:18:381 [File System]/(3823:3824): Error en handshake con MEMORIA
[INFO] 05:05:42:570 [File System]/(3835:3836): HANDSHAKE CON MEMORIA [EXITOSO]
[ERROR] 05:07:32:670 [File System]/(3844:3845): Error en handshake con MEMORIA
[ERROR] 05:09:39:226 [File System]/(3924:3925): Error en handshake con MEMORIA
[ERROR] 05:10:23:149 [File System]/(3957:3958): Error en handshake con MEMORIA
[INFO] 05:12:46:629 [File System]/(3974:3975): HANDSHAKE CON MEMORIA [EXITOSO]
[INFO] 05:13:33:345 [File System]/(3974:3975): Se recibio algo de MEMORIA
[ERROR] 05:13:33:345 [File System]/(3974:3975): [DESCONEXION]: KERNEL
[ERROR] 05:13:50:705 [File System]/(3984:3985): Error en handshake con MEMORIA
[INFO] 05:22:19:394 [File System]/(4460:4461): HANDSHAKE CON MEMORIA [EXITOSO]
[INFO] 05:22:19:485 [File System]/(4460:4461): Se recibio algo de MEMORIA
[ERROR] 05:22:19:485 [File System]/(4460:4461): [DESCONEXION]: KERNEL
[INFO] 05:22:48:774 [File System]/(4470:4471): HANDSHAKE CON MEMORIA [EXITOSO]
[INFO] 05:22:48:883 [File System]/(4470:4471): Se recibio algo de MEMORIA
[ERROR] 05:22:48:883 [File System]/(4470:4471): [DESCONEXION]: KERNEL
[INFO] 05:24:23:094 [File System]/(4544:4545): HANDSHAKE CON MEMORIA [EXITOSO]
[INFO] 05:24:43:722 [File System]/(4544:4546): Cliente conectado a Kernel
[INFO] 05:24:43:725 [File System]/(4544:4546): ::::::::::: KERNEL CONECTADO ::::::::::::
[ERROR] 05:26:33:270 [File System]/(4544:4546): [DESCONEXION]: KERNEL
[INFO] 05:26:38:026 [File System]/(4628:4629): HANDSHAKE CON MEMORIA [EXITOSO]
[INFO] 05:26:49:743 [File System]/(4628:4630): Cliente conectado a Kernel
[INFO] 05:26:49:743 [File System]/(4628:4630): ::::::::::: KERNEL CONECTADO ::::::::::::
[INFO] 05:27:10:556 [File System]/(4628:4629): Se recibio algo de MEMORIA
[ERROR] 05:27:10:556 [File System]/(4628:4629): [DESCONEXION]: KERNEL
[INFO] 05:27:15:922 [File System]/(4720:4721): HANDSHAKE CON MEMORIA [EXITOSO]
[INFO] 05:27:23:407 [File System]/(4720:4722): Cliente conectado a Kernel
[INFO] 05:27:23:408 [File System]/(4720:4722): ::::::::::: KERNEL CONECTADO ::::::::::::
[INFO] 05:29:20:996 [File System]/(4720:4721): Se recibio algo de MEMORIA
[ERROR] 05:29:20:996 [File System]/(4720:4721): [DESCONEXION]: KERNEL
[INFO] 05:31:09:146 [File System]/(4951:4953): HANDSHAKE CON MEMORIA [EXITOSO]
[INFO] 05:31:13:871 [File System]/(4951:4953): Se recibio algo de MEMORIA
[ERROR] 05:31:13:871 [File System]/(4951:4953): [DESCONEXION]: KERNEL
[INFO] 05:31:27:741 [File System]/(4962:4963): HANDSHAKE CON MEMORIA [EXITOSO]
[INFO] 05:31:30:178 [File System]/(4962:4963): Se recibio algo de MEMORIA
[ERROR] 05:31:30:178 [File System]/(4962:4963): [DESCONEXION]: KERNEL
[INFO] 05:31:54:955 [File System]/(4973:4975): HANDSHAKE CON MEMORIA [EXITOSO]
[INFO] 05:32:00:313 [File System]/(4973:4975): Se recibio algo de MEMORIA
[ERROR] 05:32:00:313 [File System]/(4973:4975): [DESCONEXION]: KERNEL
[INFO] 05:32:48:025 [File System]/(5019:5020): HANDSHAKE CON MEMORIA [EXITOSO]
[INFO] 05:33:00:549 [File System]/(5019:5020): Se recibio algo de MEMORIA
[ERROR] 05:33:00:549 [File System]/(5019:5020): [DESCONEXION]: KERNEL
[INFO] 05:35:35:393 [File System]/(5164:5165): HANDSHAKE CON MEMORIA [EXITOSO]
[INFO] 05:35:38:192 [File System]/(5164:5165): Se recibio algo de MEMORIA
[ERROR] 05:35:38:192 [File System]/(5164:5165): [DESCONEXION]: KERNEL
[INFO] 05:40:10:232 [File System]/(1921:1923): HANDSHAKE CON MEMORIA [EXITOSO]
[INFO] 05:40:20:352 [File System]/(1921:1923): Se recibio algo de MEMORIA
[ERROR] 05:40:20:352 [File System]/(1921:1923): [DESCONEXION]: KERNEL
[INFO] 05:41:19:913 [File System]/(1968:1969): HANDSHAKE CON MEMORIA [EXITOSO]
[INFO] 05:41:22:960 [File System]/(1968:1969): Se recibio algo de MEMORIA
[ERROR] 05:41:22:960 [File System]/(1968:1969): [DESCONEXION]: KERNEL
[INFO] 05:42:01:237 [File System]/(2034:2035): HANDSHAKE CON MEMORIA [EXITOSO]
[INFO] 05:42:01:321 [File System]/(2034:2035): Se recibio algo de MEMORIA
[ERROR] 05:42:01:321 [File System]/(2034:2035): [DESCONEXION]: KERNEL
[INFO] 05:42:27:859 [File System]/(2108:2109): HANDSHAKE CON MEMORIA [EXITOSO]
[INFO] 05:42:31:262 [File System]/(2108:2109): Se recibio algo de MEMORIA
[ERROR] 05:42:31:262 [File System]/(2108:2109): [DESCONEXION]: KERNEL
[INFO] 05:42:50:117 [File System]/(2133:2134): HANDSHAKE CON MEMORIA [EXITOSO]
[INFO] 05:45:55:958 [File System]/(2133:2135): Cliente conectado a Kernel
[INFO] 05:45:55:975 [File System]/(2133:2135): ::::::::::: KERNEL CONECTADO ::::::::::::
[INFO] 05:47:54:999 [File System]/(2344:2345): HANDSHAKE CON MEMORIA [EXITOSO]
[INFO] 05:50:03:896 [File System]/(2344:2346): Cliente conectado a Kernel
[INFO] 05:50:03:898 [File System]/(2344:2346): ::::::::::: KERNEL CONECTADO ::::::::::::
[INFO] 05:50:30:712 [File System]/(2344:2345): Se recibio algo de MEMORIA
[ERROR] 05:50:30:712 [File System]/(2344:2345): [DESCONEXION]: KERNEL
[INFO] 05:50:38:696 [File System]/(2445:2446): HANDSHAKE CON MEMORIA [EXITOSO]
[INFO] 05:51:15:379 [File System]/(2445:2447): Cliente conectado a Kernel
[INFO] 05:51:15:381 [File System]/(2445:2447): ::::::::::: KERNEL CONECTADO ::::::::::::
[INFO] 06:15:24:087 [File System]/(2445:2446): Se recibio algo de MEMORIA
[ERROR] 06:15:24:087 [File System]/(2445:2446): [DESCONEXION]: KERNEL
[INFO] 06:15:38:036 [File System]/(2969:2970): HANDSHAKE CON MEMORIA [EXITOSO]
[INFO] 06:18:10:791 [File System]/(2969:2971): Cliente conectado a Kernel
[INFO] 06:18:10:792 [File System]/(2969:2971): ::::::::::: KERNEL CONECTADO ::::::::::::
[INFO] 06:18:52:855 [File System]/(2969:2970): Se recibio algo de MEMORIA
[ERROR] 06:18:52:855 [File System]/(2969:2970): [DESCONEXION]: KERNEL
[INFO] 06:36:51:823 [File System]/(2147:2148): HANDSHAKE CON MEMORIA [EXITOSO]
[INFO] 06:36:54:126 [File System]/(2147:2148): Se recibio algo de MEMORIA
[ERROR] 06:36:54:126 [File System]/(2147:2148): [DESCONEXION]: KERNEL
[INFO] 06:37:15:126 [File System]/(2159:2160): HANDSHAKE CON MEMORIA [EXITOSO]
[INFO] 06:37:19:618 [File System]/(2159:2161): Cliente conectado a Kernel
[INFO] 06:37:19:618 [File System]/(2159:2161): ::::::::::: KERNEL CONECTADO ::::::::::::
[INFO] 06:38:06:808 [File System]/(2159:2160): Se recibio algo de MEMORIA
[ERROR] 06:38:06:808 [File System]/(2159:2160): [DESCONEXION]: KERNEL
[INFO] 06:38:11:141 [File System]/(2176:2177): HANDSHAKE CON MEMORIA [EXITOSO]
[INFO] 06:39:34:646 [File System]/(2176:2177): Se recibio algo de MEMORIA
[ERROR] 06:39:34:646 [File System]/(2176:2177): [DESCONEXION]: KERNEL
[INFO] 06:39:45:878 [File System]/(2186:2187): HANDSHAKE CON MEMORIA [EXITOSO]
[INFO] 06:43:31:506 [File System]/(2186:2187): Se recibio algo de MEMORIA
[ERROR] 06:43:31:506 [File System]/(2186:2187): [DESCONEXION]: KERNEL
[INFO] 06:43:36:818 [File System]/(2292:2293): HANDSHAKE CON MEMORIA [EXITOSO]
[INFO] 06:44:26:014 [File System]/(2292:2293): Se recibio algo de MEMORIA
[ERROR] 06:44:26:014 [File System]/(2292:2293): [DESCONEXION]: KERNEL
[INFO] 06:44:31:809 [File System]/(2356:2357): HANDSHAKE CON MEMORIA [EXITOSO]
[INFO] 06:44:57:144 [File System]/(2356:2357): Se recibio algo de MEMORIA
[ERROR] 06:44:57:144 [File System]/(2356:2357): [DESCONEXION]: KERNEL
[ERROR] 06:45:04:151 [File System]/(2527:2528): Error en handshake con MEMORIA
[INFO] 06:46:07:094 [File System]/(2651:2652): HANDSHAKE CON MEMORIA [EXITOSO]
[INFO] 06:47:04:333 [File System]/(2651:2652): Se recibio algo de MEMORIA
[ERROR] 06:47:04:334 [File System]/(2651:2652): [DESCONEXION]: KERNEL
[ERROR] 06:47:21:534 [File System]/(2724:2725): Error en handshake con MEMORIA
[INFO] 06:47:25:369 [File System]/(2779:2780): HANDSHAKE CON MEMORIA [EXITOSO]
[INFO] 06:48:17:449 [File System]/(2879:2880): HANDSHAKE CON MEMORIA [EXITOSO]
[INFO] 06:49:31:969 [File System]/(2879:2880): Se recibio algo de MEMORIA
[ERROR] 06:49:31:969 [File System]/(2879:2880): [DESCONEXION]: KERNEL
[INFO] 06:49:54:955 [File System]/(2888:2889): HANDSHAKE CON MEMORIA [EXITOSO]
[INFO] 06:50:59:427 [File System]/(2888:2889): Se recibio algo de MEMORIA
[ERROR] 06:50:59:427 [File System]/(2888:2889): [DESCONEXION]: KERNEL
[INFO] 06:51:05:621 [File System]/(2965:2966): HANDSHAKE CON MEMORIA [EXITOSO]
[INFO] 06:53:31:560 [File System]/(2965:2966): Se recibio algo de MEMORIA
[ERROR] 06:53:31:560 [File System]/(2965:2966): [DESCONEXION]: KERNEL
[ERROR] 06:53:53:952 [File System]/(27692:27693): Error en handshake con MEMORIA
[INFO] 06:55:14:423 [File System]/(29414:29415): HANDSHAKE CON MEMORIA [EXITOSO]
[INFO] 06:55:20:897 [File System]/(29414:29415): Se recibio algo de MEMORIA
[ERROR] 06:55:20:898 [File System]/(29414:29415): [DESCONEXION]: KERNEL
[INFO] 07:02:30:141 [File System]/(29778:29779): HANDSHAKE CON MEMORIA [EXITOSO]
[INFO] 07:02:35:201 [File System]/(29778:29779): Se recibio algo de MEMORIA
[ERROR] 07:02:35:201 [File System]/(29778:29779): [DESCONEXION]: KERNEL
[INFO] 07:03:57:744 [File System]/(30023:30024): HANDSHAKE CON MEMORIA [EXITOSO]
[INFO] 07:06:14:529 [File System]/(30030:30031): HANDSHAKE CON MEMORIA [EXITOSO]
[INFO] 07:07:16:420 [File System]/(30030:30031): Se recibio algo de MEMORIA
[ERROR] 07:07:16:420 [File System]/(30030:30031): [DESCONEXION]: KERNEL
[INFO] 07:13:39:278 [File System]/(30761:30762): HANDSHAKE CON MEMORIA [EXITOSO]
[INFO] 07:13:53:276 [File System]/(30761:30762): Se recibio algo de MEMORIA
[ERROR] 07:13:53:276 [File System]/(30761:30762): [DESCONEXION]: KERNEL
[INFO] 07:14:07:655 [File System]/(30771:30772): HANDSHAKE CON MEMORIA [EXITOSO]
[INFO] 07:14:10:461 [File System]/(30771:30772): Se recibio algo de MEMORIA
[ERROR] 07:14:10:461 [File System]/(30771:30772): [DESCONEXION]: KERNEL
[INFO] 07:14:55:606 [File System]/(30788:30789): HANDSHAKE CON MEMORIA [EXITOSO]
[INFO] 07:14:55:694 [File System]/(30788:30789): Se recibio algo de MEMORIA
[ERROR] 07:14:55:694 [File System]/(30788:30789): [DESCONEXION]: KERNEL
[INFO] 07:19:20:035 [File System]/(30920:30921): HANDSHAKE CON MEMORIA [EXITOSO]
[INFO] 07:19:23:864 [File System]/(30920:30921): Se recibio algo de MEMORIA
[ERROR] 07:19:23:865 [File System]/(30920:30921): [DESCONEXION]: KERNEL
[INFO] 07:19:33:649 [File System]/(30931:30932): HANDSHAKE CON MEMORIA [EXITOSO]
[INFO] 07:20:51:876 [File System]/(30931:30932): Se recibio algo de MEMORIA
[ERROR] 07:20:51:876 [File System]/(30931:30932): [DESCONEXION]: KERNEL
[INFO] 07:20:55:361 [File System]/(31019:31020): HANDSHAKE CON MEMORIA [EXITOSO]
[INFO] 07:22:12:896 [File System]/(31019:31020): Se recibio algo de MEMORIA
[ERROR] 07:22:12:896 [File System]/(31019:31020): [DESCONEXION]: KERNEL
[INFO] 07:22:16:135 [File System]/(31077:31078): HANDSHAKE CON MEMORIA [EXITOSO]
[INFO] 07:29:32:406 [File System]/(31077:31078): Se recibio algo de MEMORIA
[ERROR] 07:29:32:406 [File System]/(31077:31078): [DESCONEXION]: KERNEL
[INFO] 07:29:36:944 [File System]/(31366:31367): HANDSHAKE CON MEMORIA [EXITOSO]
[INFO] 07:29:43:950 [File System]/(31366:31367): Se recibio algo de MEMORIA
[ERROR] 07:29:43:950 [File System]/(31366:31367): [DESCONEXION]: KERNEL
[INFO] 07:29:49:028 [File System]/(31376:31377): HANDSHAKE CON MEMORIA [EXITOSO]
[INFO] 07:29:49:116 [File System]/(31376:31377): Se recibio algo de MEMORIA
[ERROR] 07:29:49:116 [File System]/(31376:31377): [DESCONEXION]: KERNEL
[INFO] 07:30:02:597 [File System]/(31382:31383): HANDSHAKE CON MEMORIA [EXITOSO]
[INFO] 07:30:48:701 [File System]/(31382:31383): Se recibio algo de MEMORIA
[ERROR] 07:30:48:701 [File System]/(31382:31383): [DESCONEXION]: KERNEL
[INFO] 07:30:52:473 [File System]/(31430:31431): HANDSHAKE CON MEMORIA [EXITOSO]
[INFO] 07:33:19:326 [File System]/(31430:31431): Se recibio algo de MEMORIA
[ERROR] 07:33:19:326 [File System]/(31430:31431): [DESCONEXION]: KERNEL
[INFO] 07:33:24:825 [File System]/(31525:31526): HANDSHAKE CON MEMORIA [EXITOSO]
[INFO] 07:37:33:294 [File System]/(31525:31526): Se recibio algo de MEMORIA
[ERROR] 07:37:33:294 [File System]/(31525:31526): [DESCONEXION]: KERNEL
[INFO] 07:37:41:628 [File System]/(31680:31681): HANDSHAKE CON MEMORIA [EXITOSO]
[INFO] 16:06:23:586 [File System]/(3332:3333): HANDSHAKE CON MEMORIA [EXITOSO]
[ERROR] 16:18:52:779 [File System]/(3601:3602): Error en handshake con MEMORIA
[INFO] 16:21:01:588 [File System]/(3626:3627): HANDSHAKE CON MEMORIA [EXITOSO]
[INFO] 16:23:42:034 [File System]/(3626:3628): Cliente conectado a Kernel
[INFO] 16:23:42:035 [File System]/(3626:3628): ::::::::::: KERNEL CONECTADO ::::::::::::
[ERROR] 16:24:20:046 [File System]/(3626:3628): [DESCONEXION]: KERNEL
[INFO] 16:26:03:797 [File System]/(3786:3787): HANDSHAKE CON MEMORIA [EXITOSO]
[INFO] 16:26:08:785 [File System]/(3786:3787): Se recibio algo de MEMORIA
[ERROR] 16:26:08:785 [File System]/(3786:3787): [DESCONEXION]: KERNEL
[INFO] 16:26:45:128 [File System]/(3804:3805): HANDSHAKE CON MEMORIA [EXITOSO]
[INFO] 16:26:50:764 [File System]/(3804:3806): Cliente conectado a Kernel
[ERROR] 16:26:50:765 [File System]/(3804:3806): Desconexion en HANDSHAKE

