[INFO] 01:11:27:661 [Kernel]/(84883:84887): HANDSHAKE CON CPU_Interrupt [EXITOSO]
[INFO] 01:11:27:661 [Kernel]/(84883:84886): HANDSHAKE CON CPU_Dispatch [EXITOSO]
[INFO] 01:11:27:662 [Kernel]/(84883:84888): HANDSHAKE CON MEMORIA [EXITOSO]
[INFO] 01:11:27:662 [Kernel]/(84883:84884): HANDSHAKE CON FILESYSTEM [EXITOSO]
[INFO] 00:38:38:386 [Kernel]/(4582:4584): HANDSHAKE CON FILESYSTEM [EXITOSO]
[INFO] 00:38:38:386 [Kernel]/(4582:4585): HANDSHAKE CON CPU_Dispatch [EXITOSO]
[INFO] 00:38:38:386 [Kernel]/(4582:4586): HANDSHAKE CON CPU_Interrupt [EXITOSO]
[INFO] 00:38:38:386 [Kernel]/(4582:4587): HANDSHAKE CON MEMORIA [EXITOSO]
[ERROR] 00:38:48:491 [Kernel]/(4582:4588): Comando no reconocido
[WARNING] 00:39:03:083 [Kernel]/(4582:4588): N°  Param. Incorrecto
[INFO] 14:08:11:058 [Kernel]/(2639:2643): HANDSHAKE CON CPU_Interrupt [EXITOSO]
[INFO] 14:08:11:058 [Kernel]/(2639:2642): HANDSHAKE CON CPU_Dispatch [EXITOSO]
[INFO] 14:08:11:058 [Kernel]/(2639:2644): HANDSHAKE CON MEMORIA [EXITOSO]
[INFO] 14:08:11:058 [Kernel]/(2639:2641): HANDSHAKE CON FILESYSTEM [EXITOSO]
[INFO] 14:11:04:481 [Kernel]/(2658:2660): HANDSHAKE CON CPU_Dispatch [EXITOSO]
[INFO] 14:11:04:481 [Kernel]/(2658:2661): HANDSHAKE CON CPU_Interrupt [EXITOSO]
[INFO] 14:11:04:482 [Kernel]/(2658:2659): HANDSHAKE CON FILESYSTEM [EXITOSO]
[INFO] 14:11:04:499 [Kernel]/(2658:2662): HANDSHAKE CON MEMORIA [EXITOSO]
[INFO] 14:13:02:942 [Kernel]/(2658:2663): Ingreso en: INICIAR_PROCESO
[INFO] 14:13:03:156 [Kernel]/(2658:2662): Se recibio algo de MEMORIA
[ERROR] 14:13:03:157 [Kernel]/(2658:2662): [DESCONEXION]: MEMORIA
[INFO] 14:36:34:749 [Kernel]/(2952:2954): HANDSHAKE CON CPU_Dispatch [EXITOSO]
[INFO] 14:36:34:749 [Kernel]/(2952:2953): HANDSHAKE CON FILESYSTEM [EXITOSO]
[INFO] 14:36:34:749 [Kernel]/(2952:2955): HANDSHAKE CON CPU_Interrupt [EXITOSO]
[INFO] 14:36:34:764 [Kernel]/(2952:2956): HANDSHAKE CON MEMORIA [EXITOSO]
[INFO] 14:37:07:559 [Kernel]/(2952:2956): Se recibio algo de MEMORIA
[ERROR] 14:37:07:559 [Kernel]/(2952:2956): [DESCONEXION]: MEMORIA
[INFO] 14:41:37:250 [Kernel]/(3054:3055): HANDSHAKE CON FILESYSTEM [EXITOSO]
[INFO] 14:41:37:251 [Kernel]/(3054:3056): HANDSHAKE CON CPU_Dispatch [EXITOSO]
[INFO] 14:41:37:251 [Kernel]/(3054:3057): HANDSHAKE CON CPU_Interrupt [EXITOSO]
[INFO] 14:41:37:267 [Kernel]/(3054:3058): HANDSHAKE CON MEMORIA [EXITOSO]
[INFO] 14:41:52:604 [Kernel]/(3054:3059): Ingreso en: INICIAR_PROCESO
[INFO] 14:42:00:714 [Kernel]/(3054:3058): Se recibio algo de MEMORIA
[ERROR] 14:42:00:714 [Kernel]/(3054:3058): [DESCONEXION]: MEMORIA
[INFO] 14:48:07:625 [Kernel]/(3399:3401): HANDSHAKE CON CPU_Dispatch [EXITOSO]
[INFO] 14:48:07:625 [Kernel]/(3399:3400): HANDSHAKE CON FILESYSTEM [EXITOSO]
[INFO] 14:48:07:626 [Kernel]/(3399:3402): HANDSHAKE CON CPU_Interrupt [EXITOSO]
[INFO] 14:48:07:646 [Kernel]/(3399:3403): HANDSHAKE CON MEMORIA [EXITOSO]
[INFO] 14:48:31:584 [Kernel]/(3399:3404): Ingreso en: INICIAR_PROCESO
[INFO] 14:48:37:657 [Kernel]/(3399:3404): Ingreso en: INICIAR_PROCESO
[INFO] 14:48:41:332 [Kernel]/(3399:3404): Ingreso en: INICIAR_PROCESO
[INFO] 14:50:11:783 [Kernel]/(3399:3404): Ingreso en: INICIAR_PROCESO
[INFO] 14:53:39:872 [Kernel]/(3434:3436): HANDSHAKE CON CPU_Dispatch [EXITOSO]
[INFO] 14:53:39:872 [Kernel]/(3434:3435): HANDSHAKE CON FILESYSTEM [EXITOSO]
[INFO] 14:53:39:872 [Kernel]/(3434:3437): HANDSHAKE CON CPU_Interrupt [EXITOSO]
[INFO] 14:53:39:885 [Kernel]/(3434:3438): HANDSHAKE CON MEMORIA [EXITOSO]
[INFO] 14:54:15:022 [Kernel]/(3434:3439): Ingreso en: INICIAR_PROCESO
[INFO] 14:54:28:667 [Kernel]/(3434:3439): Ingreso en: INICIAR_PROCESO
[INFO] 14:54:33:065 [Kernel]/(3434:3439): Ingreso en: INICIAR_PROCESO
[INFO] 14:54:37:272 [Kernel]/(3434:3439): Ingreso en: INICIAR_PROCESO
[INFO] 15:00:52:734 [Kernel]/(3600:3602): HANDSHAKE CON CPU_Dispatch [EXITOSO]
[INFO] 15:00:52:734 [Kernel]/(3600:3601): HANDSHAKE CON FILESYSTEM [EXITOSO]
[INFO] 15:00:52:734 [Kernel]/(3600:3603): HANDSHAKE CON CPU_Interrupt [EXITOSO]
[INFO] 15:00:52:750 [Kernel]/(3600:3604): HANDSHAKE CON MEMORIA [EXITOSO]
[INFO] 15:01:38:226 [Kernel]/(3600:3605): Ingreso en: INICIAR_PROCESO
[INFO] 15:01:46:595 [Kernel]/(3600:3605): Ingreso en: INICIAR_PROCESO
[INFO] 15:01:48:809 [Kernel]/(3600:3605): Ingreso en: INICIAR_PROCESO
[INFO] 02:43:15:018 [Kernel]/(2106:2108): HANDSHAKE CON CPU_Dispatch [EXITOSO]
[INFO] 02:43:15:018 [Kernel]/(2106:2107): HANDSHAKE CON FILESYSTEM [EXITOSO]
[INFO] 02:43:15:019 [Kernel]/(2106:2109): HANDSHAKE CON CPU_Interrupt [EXITOSO]
[INFO] 02:43:15:036 [Kernel]/(2106:2110): HANDSHAKE CON MEMORIA [EXITOSO]
[INFO] 02:43:39:910 [Kernel]/(2106:2111): Ingreso en: INICIAR_PROCESO
[INFO] 02:55:51:271 [Kernel]/(2301:2302): HANDSHAKE CON FILESYSTEM [EXITOSO]
[INFO] 02:55:51:272 [Kernel]/(2301:2303): HANDSHAKE CON CPU_Dispatch [EXITOSO]
[INFO] 02:55:51:272 [Kernel]/(2301:2304): HANDSHAKE CON CPU_Interrupt [EXITOSO]
[INFO] 02:55:51:272 [Kernel]/(2301:2304): Esperando a que llegue interrupcion por finalizacion de QUANTUM
[INFO] 02:55:51:274 [Kernel]/(2301:2305): HANDSHAKE CON MEMORIA [EXITOSO]
[INFO] 03:03:44:748 [Kernel]/(2301:2303): Se recibio algo de FILESYSTEM
[INFO] 03:03:44:748 [Kernel]/(2301:2305): Se recibio algo de MEMORIA
[INFO] 03:03:44:748 [Kernel]/(2301:2302): Se recibio algo de FILESYSTEM
[ERROR] 03:03:44:748 [Kernel]/(2301:2305): [DESCONEXION]: MEMORIA
[INFO] 03:16:23:449 [Kernel]/(2177:2179): HANDSHAKE CON CPU_Dispatch [EXITOSO]
[INFO] 03:16:23:450 [Kernel]/(2177:2178): HANDSHAKE CON FILESYSTEM [EXITOSO]
[INFO] 03:16:23:453 [Kernel]/(2177:2180): HANDSHAKE CON CPU_Interrupt [EXITOSO]
[INFO] 03:16:23:456 [Kernel]/(2177:2180): Esperando a que llegue interrupcion por finalizacion de QUANTUM
[INFO] 03:16:23:460 [Kernel]/(2177:2181): HANDSHAKE CON MEMORIA [EXITOSO]
[INFO] 03:16:42:298 [Kernel]/(2177:2182): Ingreso en: INICIAR_PROCESO
[INFO] 03:54:19:512 [Kernel]/(3169:3171): HANDSHAKE CON CPU_Dispatch [EXITOSO]
[INFO] 03:54:19:512 [Kernel]/(3169:3170): HANDSHAKE CON FILESYSTEM [EXITOSO]
[INFO] 03:54:19:512 [Kernel]/(3169:3172): HANDSHAKE CON CPU_Interrupt [EXITOSO]
[INFO] 03:54:19:512 [Kernel]/(3169:3172): Esperando a que llegue interrupcion por finalizacion de QUANTUM
[INFO] 04:00:09:118 [Kernel]/(3169:3174): Ingreso en: INICIAR_PROCESO
[INFO] 04:00:18:462 [Kernel]/(3169:3174): Ingreso en: INICIAR_PROCESO
[INFO] 04:00:23:112 [Kernel]/(3169:3174): Ingreso en: INICIAR_PROCESO
[INFO] 04:10:08:304 [Kernel]/(3877:3879): HANDSHAKE CON FILESYSTEM [EXITOSO]
[INFO] 04:10:08:304 [Kernel]/(3877:3881): HANDSHAKE CON CPU_Interrupt [EXITOSO]
[INFO] 04:10:08:304 [Kernel]/(3877:3881): Esperando a que llegue interrupcion por finalizacion de QUANTUM
[INFO] 04:10:08:304 [Kernel]/(3877:3880): HANDSHAKE CON CPU_Dispatch [EXITOSO]
[INFO] 04:10:08:305 [Kernel]/(3877:3882): HANDSHAKE CON MEMORIA [EXITOSO]
[INFO] 04:10:33:521 [Kernel]/(3877:3883): Ingreso en: INICIAR_PROCESO
[INFO] 04:14:49:249 [Kernel]/(3877:3879): Se recibio algo de FILESYSTEM
[ERROR] 04:14:49:249 [Kernel]/(3877:3879): [DESCONEXION]: FILESYSTEM
[INFO] 04:22:28:699 [Kernel]/(4733:4734): HANDSHAKE CON FILESYSTEM [EXITOSO]
[INFO] 04:22:28:699 [Kernel]/(4733:4736): HANDSHAKE CON CPU_Interrupt [EXITOSO]
[INFO] 04:22:28:699 [Kernel]/(4733:4736): Esperando a que llegue interrupcion por finalizacion de QUANTUM
[INFO] 04:22:28:699 [Kernel]/(4733:4735): HANDSHAKE CON CPU_Dispatch [EXITOSO]
[INFO] 04:22:28:717 [Kernel]/(4733:4737): HANDSHAKE CON MEMORIA [EXITOSO]
[INFO] 04:23:51:143 [Kernel]/(4733:4738): Ingreso en: INICIAR_PROCESO
[INFO] 04:23:59:438 [Kernel]/(4733:4738): Ingreso en: INICIAR_PROCESO
[INFO] 04:24:13:006 [Kernel]/(4733:4738): Ingreso en: INICIAR_PROCESO
[INFO] 04:27:26:134 [Kernel]/(4733:4737): Se recibio algo de MEMORIA
[ERROR] 04:27:26:134 [Kernel]/(4733:4737): [DESCONEXION]: MEMORIA
[INFO] 05:24:43:725 [Kernel]/(4553:4554): HANDSHAKE CON FILESYSTEM [EXITOSO]
[INFO] 05:24:43:726 [Kernel]/(4553:4555): HANDSHAKE CON CPU_Dispatch [EXITOSO]
[INFO] 05:24:43:726 [Kernel]/(4553:4556): HANDSHAKE CON CPU_Interrupt [EXITOSO]
[INFO] 05:24:43:737 [Kernel]/(4553:4556): Esperando a que llegue interrupcion por finalizacion de QUANTUM
[INFO] 05:24:43:740 [Kernel]/(4553:4557): HANDSHAKE CON MEMORIA [EXITOSO]
[INFO] 05:24:43:741 [Kernel]/(4553:4557): Se recibio algo de MEMORIA
[INFO] 05:24:43:741 [Kernel]/(4553:4557): Se recibio algo de MEMORIA
[WARNING] 05:24:43:741 [Kernel]/(4553:4557): Operacion desconocida
[INFO] 05:24:43:741 [Kernel]/(4553:4557): Se recibio algo de MEMORIA
[WARNING] 05:24:43:741 [Kernel]/(4553:4557): Operacion desconocida
[INFO] 05:24:43:741 [Kernel]/(4553:4557): Se recibio algo de MEMORIA
[WARNING] 05:24:43:741 [Kernel]/(4553:4557): Operacion desconocida
[INFO] 05:24:43:741 [Kernel]/(4553:4557): Se recibio algo de MEMORIA
[WARNING] 05:24:43:741 [Kernel]/(4553:4557): Operacion desconocida
[INFO] 05:24:43:741 [Kernel]/(4553:4557): Se recibio algo de MEMORIA
[WARNING] 05:24:43:741 [Kernel]/(4553:4557): Operacion desconocida
[INFO] 05:24:43:741 [Kernel]/(4553:4557): Se recibio algo de MEMORIA
[WARNING] 05:24:43:741 [Kernel]/(4553:4557): Operacion desconocida
[INFO] 05:24:43:741 [Kernel]/(4553:4557): Se recibio algo de MEMORIA
[WARNING] 05:24:43:741 [Kernel]/(4553:4557): Operacion desconocida
[INFO] 05:24:43:741 [Kernel]/(4553:4557): Se recibio algo de MEMORIA
[WARNING] 05:24:43:741 [Kernel]/(4553:4557): Operacion desconocida
[INFO] 05:24:43:741 [Kernel]/(4553:4557): Se recibio algo de MEMORIA
[WARNING] 05:24:43:741 [Kernel]/(4553:4557): Operacion desconocida
[INFO] 05:24:43:741 [Kernel]/(4553:4557): Se recibio algo de MEMORIA
[WARNING] 05:24:43:741 [Kernel]/(4553:4557): Operacion desconocida
[INFO] 05:24:43:741 [Kernel]/(4553:4557): Se recibio algo de MEMORIA
[WARNING] 05:24:43:741 [Kernel]/(4553:4557): Operacion desconocida
[INFO] 05:24:43:741 [Kernel]/(4553:4557): Se recibio algo de MEMORIA
[WARNING] 05:24:43:741 [Kernel]/(4553:4557): Operacion desconocida
[INFO] 05:24:43:741 [Kernel]/(4553:4557): Se recibio algo de MEMORIA
[WARNING] 05:24:43:741 [Kernel]/(4553:4557): Operacion desconocida
[INFO] 05:26:49:744 [Kernel]/(4640:4642): HANDSHAKE CON CPU_Dispatch [EXITOSO]
[INFO] 05:26:49:743 [Kernel]/(4640:4641): HANDSHAKE CON FILESYSTEM [EXITOSO]
[INFO] 05:26:49:744 [Kernel]/(4640:4643): HANDSHAKE CON CPU_Interrupt [EXITOSO]
[INFO] 05:26:49:744 [Kernel]/(4640:4644): HANDSHAKE CON MEMORIA [EXITOSO]
[INFO] 05:26:49:744 [Kernel]/(4640:4643): Esperando a que llegue interrupcion por finalizacion de QUANTUM
[INFO] 05:26:49:744 [Kernel]/(4640:4644): Se recibio algo de MEMORIA
[INFO] 05:26:49:744 [Kernel]/(4640:4644): Se recibio algo de MEMORIA
[WARNING] 05:26:49:744 [Kernel]/(4640:4644): Operacion desconocida
[INFO] 05:26:49:744 [Kernel]/(4640:4644): Se recibio algo de MEMORIA
[WARNING] 05:26:49:744 [Kernel]/(4640:4644): Operacion desconocida
[INFO] 05:26:49:744 [Kernel]/(4640:4644): Se recibio algo de MEMORIA
[WARNING] 05:26:49:744 [Kernel]/(4640:4644): Operacion desconocida
[INFO] 05:26:49:744 [Kernel]/(4640:4644): Se recibio algo de MEMORIA
[WARNING] 05:26:49:744 [Kernel]/(4640:4644): Operacion desconocida
[INFO] 05:26:49:744 [Kernel]/(4640:4644): Se recibio algo de MEMORIA
[WARNING] 05:26:49:744 [Kernel]/(4640:4644): Operacion desconocida
[INFO] 05:26:49:744 [Kernel]/(4640:4644): Se recibio algo de MEMORIA
[WARNING] 05:26:49:745 [Kernel]/(4640:4644): Operacion desconocida
[INFO] 05:26:49:745 [Kernel]/(4640:4644): Se recibio algo de MEMORIA
[WARNING] 05:26:49:745 [Kernel]/(4640:4644): Operacion desconocida
[INFO] 05:26:49:745 [Kernel]/(4640:4644): Se recibio algo de MEMORIA
[WARNING] 05:26:49:745 [Kernel]/(4640:4644): Operacion desconocida
[INFO] 05:26:49:745 [Kernel]/(4640:4644): Se recibio algo de MEMORIA
[WARNING] 05:26:49:745 [Kernel]/(4640:4644): Operacion desconocida
[INFO] 05:26:49:745 [Kernel]/(4640:4644): Se recibio algo de MEMORIA
[WARNING] 05:26:49:745 [Kernel]/(4640:4644): Operacion desconocida
[INFO] 05:26:49:745 [Kernel]/(4640:4644): Se recibio algo de MEMORIA
[WARNING] 05:26:49:745 [Kernel]/(4640:4644): Operacion desconocida
[INFO] 05:26:49:745 [Kernel]/(4640:4644): Se recibio algo de MEMORIA
[WARNING] 05:26:49:745 [Kernel]/(4640:4644): Operacion desconocida
[INFO] 05:26:49:745 [Kernel]/(4640:4644): Se recibio algo de MEMORIA
[WARNING] 05:26:49:745 [Kernel]/(4640:4644): Operacion desconocida
[INFO] 05:27:10:556 [Kernel]/(4640:4644): Se recibio algo de MEMORIA
[WARNING] 05:27:10:556 [Kernel]/(4640:4644): Operacion desconocida
[INFO] 05:27:10:556 [Kernel]/(4640:4644): Se recibio algo de MEMORIA
[ERROR] 05:27:10:556 [Kernel]/(4640:4644): [DESCONEXION]: MEMORIA
[INFO] 05:27:23:408 [Kernel]/(4730:4732): HANDSHAKE CON CPU_Dispatch [EXITOSO]
[INFO] 05:27:23:408 [Kernel]/(4730:4731): HANDSHAKE CON FILESYSTEM [EXITOSO]
[INFO] 05:27:23:408 [Kernel]/(4730:4733): HANDSHAKE CON CPU_Interrupt [EXITOSO]
[INFO] 05:27:23:408 [Kernel]/(4730:4733): Esperando a que llegue interrupcion por finalizacion de QUANTUM
[INFO] 05:27:23:426 [Kernel]/(4730:4734): HANDSHAKE CON MEMORIA [EXITOSO]
[INFO] 05:27:23:428 [Kernel]/(4730:4734): Se recibio algo de MEMORIA
[INFO] 05:27:23:428 [Kernel]/(4730:4734): PROCESO INICIALIZADO ESTRUCTURA KERNEL MEMORIA
[INFO] 05:28:53:799 [Kernel]/(4730:4735): Ingreso en: INICIAR_PROCESO
[INFO] 05:29:20:996 [Kernel]/(4730:4734): Se recibio algo de MEMORIA
[ERROR] 05:29:20:996 [Kernel]/(4730:4734): [DESCONEXION]: MEMORIA
[INFO] 05:51:15:381 [Kernel]/(2460:2462): HANDSHAKE CON CPU_Dispatch [EXITOSO]
[INFO] 05:51:15:382 [Kernel]/(2460:2463): HANDSHAKE CON CPU_Interrupt [EXITOSO]
[INFO] 05:51:15:382 [Kernel]/(2460:2461): HANDSHAKE CON FILESYSTEM [EXITOSO]
[INFO] 05:51:15:393 [Kernel]/(2460:2463): Esperando a que llegue interrupcion por finalizacion de QUANTUM
[INFO] 05:51:15:398 [Kernel]/(2460:2464): HANDSHAKE CON MEMORIA [EXITOSO]
[INFO] 05:51:35:460 [Kernel]/(2460:2465): Ingreso en: INICIAR_PROCESO
[INFO] 05:51:35:484 [Kernel]/(2460:2464): Se recibio algo de MEMORIA
[INFO] 05:51:35:484 [Kernel]/(2460:2464): [MEMORIA]>Proceso cargado en Memoria OK
[INFO] 06:15:24:088 [Kernel]/(2460:2461): Se recibio algo de FILESYSTEM
[ERROR] 06:15:24:088 [Kernel]/(2460:2461): [DESCONEXION]: FILESYSTEM
[INFO] 06:18:10:792 [Kernel]/(3002:3004): HANDSHAKE CON CPU_Dispatch [EXITOSO]
[INFO] 06:18:10:792 [Kernel]/(3002:3003): HANDSHAKE CON FILESYSTEM [EXITOSO]
[INFO] 06:18:10:792 [Kernel]/(3002:3005): HANDSHAKE CON CPU_Interrupt [EXITOSO]
[INFO] 06:18:10:792 [Kernel]/(3002:3005): Esperando a que llegue interrupcion por finalizacion de QUANTUM
[INFO] 06:18:10:808 [Kernel]/(3002:3006): HANDSHAKE CON MEMORIA [EXITOSO]
[INFO] 06:18:37:349 [Kernel]/(3002:3007): Ingreso en: INICIAR_PROCESO
[INFO] 06:18:37:354 [Kernel]/(3002:3006): Se recibio algo de MEMORIA
[INFO] 06:18:37:354 [Kernel]/(3002:3006): Se recibio algo de MEMORIA
[WARNING] 06:18:37:354 [Kernel]/(3002:3006): Operacion desconocida
[INFO] 06:18:37:354 [Kernel]/(3002:3006): Se recibio algo de MEMORIA
[INFO] 06:18:52:855 [Kernel]/(3002:3006): Se recibio algo de MEMORIA
[ERROR] 06:18:52:855 [Kernel]/(3002:3006): [DESCONEXION]: MEMORIA
[INFO] 06:37:19:618 [Kernel]/(2168:2169): HANDSHAKE CON FILESYSTEM [EXITOSO]
[INFO] 06:37:19:619 [Kernel]/(2168:2171): HANDSHAKE CON CPU_Interrupt [EXITOSO]
[INFO] 06:37:19:619 [Kernel]/(2168:2170): HANDSHAKE CON CPU_Dispatch [EXITOSO]
[INFO] 06:37:19:628 [Kernel]/(2168:2171): Esperando a que llegue interrupcion por finalizacion de QUANTUM
[INFO] 06:37:19:636 [Kernel]/(2168:2172): HANDSHAKE CON MEMORIA [EXITOSO]
[INFO] 06:38:06:808 [Kernel]/(2168:2172): Se recibio algo de MEMORIA
[INFO] 06:38:06:808 [Kernel]/(2168:2170): Se recibio algo de FILESYSTEM
[INFO] 06:38:06:808 [Kernel]/(2168:2169): Se recibio algo de FILESYSTEM
[ERROR] 06:38:06:808 [Kernel]/(2168:2169): [DESCONEXION]: FILESYSTEM
[INFO] 16:23:42:034 [Kernel]/(3692:3694): HANDSHAKE CON CPU_Dispatch [EXITOSO]
[INFO] 16:23:42:035 [Kernel]/(3692:3693): HANDSHAKE CON FILESYSTEM [EXITOSO]
[INFO] 16:23:42:039 [Kernel]/(3692:3695): HANDSHAKE CON CPU_Interrupt [EXITOSO]
[INFO] 16:23:42:047 [Kernel]/(3692:3695): Esperando a que llegue interrupcion por finalizacion de QUANTUM
[INFO] 16:23:42:054 [Kernel]/(3692:3696): HANDSHAKE CON MEMORIA [EXITOSO]
[INFO] 16:24:20:042 [Kernel]/(3692:3696): Se recibio algo de MEMORIA
[ERROR] 16:24:20:042 [Kernel]/(3692:3696): [DESCONEXION]: MEMORIA
