[INFO] 14:13:02:942 [Kernel - Log obligatorio]/(2658:2663): Se crea el proceso 1 en NEW
[INFO] 14:13:02:942 [Kernel - Log obligatorio]/(2658:2663):  PID: 1 - Estado Anterior: NEW - Estado Actual: READY
[INFO] 14:13:02:942 [Kernel - Log obligatorio]/(2658:2663): Cola Ready READY: [1]
[INFO] 14:41:52:604 [Kernel - Log obligatorio]/(3054:3059): Se crea el proceso 1 en NEW
[INFO] 14:41:52:604 [Kernel - Log obligatorio]/(3054:3059):  PID: 1 - Estado Anterior: NEW - Estado Actual: READY
[INFO] 14:41:52:604 [Kernel - Log obligatorio]/(3054:3059): Cola Ready READY: [1]
[INFO] 14:48:31:584 [Kernel - Log obligatorio]/(3399:3404): Se crea el proceso 1 en NEW
[INFO] 14:48:31:584 [Kernel - Log obligatorio]/(3399:3404):  PID: 1 - Estado Anterior: NEW - Estado Actual: READY
[INFO] 14:48:31:584 [Kernel - Log obligatorio]/(3399:3404): Cola Ready READY: [1]
[INFO] 14:48:37:657 [Kernel - Log obligatorio]/(3399:3404): Se crea el proceso 2 en NEW
[INFO] 14:48:37:657 [Kernel - Log obligatorio]/(3399:3404):  PID: 2 - Estado Anterior: NEW - Estado Actual: READY
[INFO] 14:48:37:657 [Kernel - Log obligatorio]/(3399:3404): Cola Ready READY: [1, 2]
[INFO] 14:48:41:333 [Kernel - Log obligatorio]/(3399:3404): Se crea el proceso 3 en NEW
[INFO] 14:48:41:333 [Kernel - Log obligatorio]/(3399:3404):  PID: 3 - Estado Anterior: NEW - Estado Actual: READY
[INFO] 14:48:41:333 [Kernel - Log obligatorio]/(3399:3404): Cola Ready READY: [1, 2, 3]
[INFO] 14:50:11:783 [Kernel - Log obligatorio]/(3399:3404): Se crea el proceso 4 en NEW
[INFO] 14:50:11:783 [Kernel - Log obligatorio]/(3399:3404):  PID: 4 - Estado Anterior: NEW - Estado Actual: READY
[INFO] 14:50:11:783 [Kernel - Log obligatorio]/(3399:3404): Cola Ready READY: [1, 2, 3, 4]
[INFO] 14:54:15:022 [Kernel - Log obligatorio]/(3434:3439): Se crea el proceso 1 en NEW
[INFO] 14:54:15:022 [Kernel - Log obligatorio]/(3434:3439):  PID: 1 - Estado Anterior: NEW - Estado Actual: READY
[INFO] 14:54:15:022 [Kernel - Log obligatorio]/(3434:3439): Cola Ready READY: [1]
[INFO] 14:54:28:667 [Kernel - Log obligatorio]/(3434:3439): Se crea el proceso 2 en NEW
[INFO] 14:54:28:667 [Kernel - Log obligatorio]/(3434:3439):  PID: 2 - Estado Anterior: NEW - Estado Actual: READY
[INFO] 14:54:28:667 [Kernel - Log obligatorio]/(3434:3439): Cola Ready READY: [1, 2]
[INFO] 14:54:33:065 [Kernel - Log obligatorio]/(3434:3439): Se crea el proceso 3 en NEW
[INFO] 14:54:33:065 [Kernel - Log obligatorio]/(3434:3439):  PID: 3 - Estado Anterior: NEW - Estado Actual: READY
[INFO] 14:54:33:065 [Kernel - Log obligatorio]/(3434:3439): Cola Ready READY: [1, 2, 3]
[INFO] 14:54:37:272 [Kernel - Log obligatorio]/(3434:3439): Se crea el proceso 4 en NEW
[INFO] 14:54:37:272 [Kernel - Log obligatorio]/(3434:3439):  PID: 4 - Estado Anterior: NEW - Estado Actual: READY
[INFO] 14:54:37:272 [Kernel - Log obligatorio]/(3434:3439): Cola Ready READY: [1, 2, 3, 4]
[INFO] 15:01:38:227 [Kernel - Log obligatorio]/(3600:3605): Se crea el proceso 1 en NEW
[INFO] 15:01:38:227 [Kernel - Log obligatorio]/(3600:3605):  PID: 1 - Estado Anterior: NEW - Estado Actual: READY
[INFO] 15:01:38:227 [Kernel - Log obligatorio]/(3600:3605): Cola Ready READY: [1]
[INFO] 15:01:46:596 [Kernel - Log obligatorio]/(3600:3605): Se crea el proceso 2 en NEW
[INFO] 15:01:46:596 [Kernel - Log obligatorio]/(3600:3605):  PID: 2 - Estado Anterior: NEW - Estado Actual: READY
[INFO] 15:01:46:596 [Kernel - Log obligatorio]/(3600:3605): Cola Ready READY: [1, 2]
[INFO] 15:01:48:809 [Kernel - Log obligatorio]/(3600:3605): Se crea el proceso 3 en NEW
[INFO] 15:01:48:809 [Kernel - Log obligatorio]/(3600:3605):  PID: 3 - Estado Anterior: NEW - Estado Actual: READY
[INFO] 15:01:48:809 [Kernel - Log obligatorio]/(3600:3605): Cola Ready READY: [1, 2, 3]
[INFO] 02:43:39:910 [Kernel - Log obligatorio]/(2106:2111): Se crea el proceso 1 en NEW
[INFO] 02:43:39:915 [Kernel - Log obligatorio]/(2106:2111):  PID: 1 - Estado Anterior: NEW - Estado Actual: READY
[INFO] 02:43:39:915 [Kernel - Log obligatorio]/(2106:2111): Cola Ready READY: [1]
[INFO] 03:16:42:298 [Kernel - Log obligatorio]/(2177:2182): Se crea el proceso 1 en NEW
[INFO] 03:16:42:307 [Kernel - Log obligatorio]/(2177:2182):  PID: 1 - Estado Anterior: NEW - Estado Actual: READY
[INFO] 03:16:42:307 [Kernel - Log obligatorio]/(2177:2182): Cola Ready FIFO: [1]
[INFO] 04:00:09:118 [Kernel - Log obligatorio]/(3169:3174): Se crea el proceso 1 en NEW
[INFO] 04:00:09:118 [Kernel - Log obligatorio]/(3169:3174):  PID: 1 - Estado Anterior: NEW - Estado Actual: READY
[INFO] 04:00:09:118 [Kernel - Log obligatorio]/(3169:3174): Cola Ready FIFO: [1]
[INFO] 04:00:18:462 [Kernel - Log obligatorio]/(3169:3174): Se crea el proceso 2 en NEW
[INFO] 04:00:18:462 [Kernel - Log obligatorio]/(3169:3174):  PID: 2 - Estado Anterior: NEW - Estado Actual: READY
[INFO] 04:00:18:462 [Kernel - Log obligatorio]/(3169:3174): Cola Ready FIFO: [1, 2]
[INFO] 04:00:23:112 [Kernel - Log obligatorio]/(3169:3174): Se crea el proceso 3 en NEW
[INFO] 04:00:23:112 [Kernel - Log obligatorio]/(3169:3174):  PID: 3 - Estado Anterior: NEW - Estado Actual: READY
[INFO] 04:00:23:112 [Kernel - Log obligatorio]/(3169:3174): Cola Ready FIFO: [1, 2, 3]
[INFO] 04:10:33:522 [Kernel - Log obligatorio]/(3877:3883): Se crea el proceso 1 en NEW
[INFO] 04:10:33:522 [Kernel - Log obligatorio]/(3877:3883):  PID: 1 - Estado Anterior: NEW - Estado Actual: READY
[INFO] 04:10:33:522 [Kernel - Log obligatorio]/(3877:3883): Cola Ready FIFO: [1]
[INFO] 04:23:51:143 [Kernel - Log obligatorio]/(4733:4738): Se crea el proceso 1 en NEW
[INFO] 04:23:51:143 [Kernel - Log obligatorio]/(4733:4738):  PID: 1 - Estado Anterior: NEW - Estado Actual: READY
[INFO] 04:23:51:143 [Kernel - Log obligatorio]/(4733:4738): Cola Ready FIFO: [1]
[INFO] 04:23:59:438 [Kernel - Log obligatorio]/(4733:4738): Se crea el proceso 2 en NEW
[INFO] 04:23:59:438 [Kernel - Log obligatorio]/(4733:4738):  PID: 2 - Estado Anterior: NEW - Estado Actual: READY
[INFO] 04:23:59:438 [Kernel - Log obligatorio]/(4733:4738): Cola Ready FIFO: [1, 2]
[INFO] 04:24:13:006 [Kernel - Log obligatorio]/(4733:4738): Se crea el proceso 3 en NEW
[INFO] 04:24:13:006 [Kernel - Log obligatorio]/(4733:4738):  PID: 3 - Estado Anterior: NEW - Estado Actual: READY
[INFO] 04:24:13:006 [Kernel - Log obligatorio]/(4733:4738): Cola Ready FIFO: [1, 2, 3]
[INFO] 05:28:53:799 [Kernel - Log obligatorio]/(4730:4735): Se crea el proceso 1 en NEW
[INFO] 05:28:53:805 [Kernel - Log obligatorio]/(4730:4735):  PID: 1 - Estado Anterior: NEW - Estado Actual: READY
[INFO] 05:28:53:805 [Kernel - Log obligatorio]/(4730:4735): Cola Ready FIFO: [1]
[INFO] 05:51:35:460 [Kernel - Log obligatorio]/(2460:2465): Se crea el proceso 1 en NEW
[INFO] 05:51:35:479 [Kernel - Log obligatorio]/(2460:2465):  PID: 1 - Estado Anterior: NEW - Estado Actual: READY
[INFO] 05:51:35:479 [Kernel - Log obligatorio]/(2460:2465): Cola Ready FIFO: [1]
[INFO] 06:18:37:349 [Kernel - Log obligatorio]/(3002:3007): Se crea el proceso 1 en NEW
[INFO] 06:18:37:349 [Kernel - Log obligatorio]/(3002:3007):  PID: 1 - Estado Anterior: NEW - Estado Actual: READY
[INFO] 06:18:37:349 [Kernel - Log obligatorio]/(3002:3007): Cola Ready FIFO: [1]
