[INFO] 01:11:17:147 [CPU]/(84876:84877): HANDSHAKE CON MEMORIA [EXITOSO]
[INFO] 01:11:27:660 [CPU]/(84876:84878): Cliente conectado a Kernel por interrupt
[INFO] 01:11:27:661 [CPU]/(84876:84879): Cliente conectado a Kernel por dispatch
[INFO] 01:11:27:661 [CPU]/(84876:84879): ::::::::::: KERNEL CONECTADO POR DISPATCH ::::::::::::
[INFO] 01:11:27:661 [CPU]/(84876:84878): ::::::::::: KERNEL CONECTADO POR INTERRUPT ::::::::::::
[INFO] 01:11:47:357 [CPU]/(84876:84879): [KERNEL_Dispatch]> [15]enviar mensaje
[INFO] 01:11:47:357 [CPU]/(84876:84878): [KERNEL_Interrupt]> [15]enviar mensaje
[INFO] 01:11:58:080 [CPU]/(84876:84879): [KERNEL_Dispatch]> [21]conectar con memoria
[INFO] 01:11:58:080 [CPU]/(84876:84878): [KERNEL_Interrupt]> [21]conectar con memoria
[INFO] 01:12:59:816 [CPU]/(84876:84878): [KERNEL_Interrupt]> [8]memoria
[INFO] 01:12:59:816 [CPU]/(84876:84879): [KERNEL_Dispatch]> [8]memoria
[ERROR] 12:58:01:861 [CPU]/(84876:84879): [DESCONEXION]: KERNEL_Dispatch
[ERROR] 12:58:01:861 [CPU]/(84876:84878): [DESCONEXION]: KERNEL_Interrupt
[INFO] 12:58:26:072 [CPU]/(86473:86474): HANDSHAKE CON MEMORIA [EXITOSO]
[INFO] 13:02:26:634 [CPU]/(86473:86476): Cliente conectado a Kernel por dispatch
[INFO] 13:02:26:634 [CPU]/(86473:86475): Cliente conectado a Kernel por interrupt
[INFO] 13:02:26:635 [CPU]/(86473:86475): ::::::::::: KERNEL CONECTADO POR INTERRUPT ::::::::::::
[INFO] 13:02:26:635 [CPU]/(86473:86476): ::::::::::: KERNEL CONECTADO POR DISPATCH ::::::::::::
[INFO] 00:38:34:711 [CPU]/(4577:4578): HANDSHAKE CON MEMORIA [EXITOSO]
[INFO] 00:38:38:385 [CPU]/(4577:4580): Cliente conectado a Kernel por dispatch
[INFO] 00:38:38:385 [CPU]/(4577:4579): Cliente conectado a Kernel por interrupt
[INFO] 00:38:38:386 [CPU]/(4577:4580): ::::::::::: KERNEL CONECTADO POR DISPATCH ::::::::::::
[INFO] 00:38:38:386 [CPU]/(4577:4579): ::::::::::: KERNEL CONECTADO POR INTERRUPT ::::::::::::
[ERROR] 00:42:37:464 [CPU]/(4577:4579): [DESCONEXION]: KERNEL_Interrupt
[ERROR] 00:42:37:464 [CPU]/(4577:4580): [DESCONEXION]: KERNEL_Dispatch
[INFO] 14:08:04:589 [CPU]/(2634:2635): HANDSHAKE CON MEMORIA [EXITOSO]
[INFO] 14:08:11:058 [CPU]/(2634:2636): Cliente conectado a Kernel por interrupt
[INFO] 14:08:11:058 [CPU]/(2634:2637): Cliente conectado a Kernel por dispatch
[INFO] 14:08:11:058 [CPU]/(2634:2636): ::::::::::: KERNEL CONECTADO POR INTERRUPT ::::::::::::
[INFO] 14:08:11:058 [CPU]/(2634:2637): ::::::::::: KERNEL CONECTADO POR DISPATCH ::::::::::::
[ERROR] 14:09:35:767 [CPU]/(2634:2636): [DESCONEXION]: KERNEL_Interrupt
[INFO] 14:10:50:098 [CPU]/(2653:2654): HANDSHAKE CON MEMORIA [EXITOSO]
[INFO] 14:11:04:480 [CPU]/(2653:2656): Cliente conectado a Kernel por dispatch
[INFO] 14:11:04:480 [CPU]/(2653:2655): Cliente conectado a Kernel por interrupt
[INFO] 14:11:04:481 [CPU]/(2653:2656): ::::::::::: KERNEL CONECTADO POR DISPATCH ::::::::::::
[INFO] 14:11:04:481 [CPU]/(2653:2655): ::::::::::: KERNEL CONECTADO POR INTERRUPT ::::::::::::
[ERROR] 14:13:03:157 [CPU]/(2653:2654): [DESCONEXION]: MEMORIA
[INFO] 14:36:28:557 [CPU]/(2947:2948): HANDSHAKE CON MEMORIA [EXITOSO]
[INFO] 14:36:34:747 [CPU]/(2947:2950): Cliente conectado a Kernel por dispatch
[INFO] 14:36:34:747 [CPU]/(2947:2949): Cliente conectado a Kernel por interrupt
[INFO] 14:36:34:748 [CPU]/(2947:2950): ::::::::::: KERNEL CONECTADO POR DISPATCH ::::::::::::
[INFO] 14:36:34:749 [CPU]/(2947:2949): ::::::::::: KERNEL CONECTADO POR INTERRUPT ::::::::::::
[ERROR] 14:37:07:559 [CPU]/(2947:2948): [DESCONEXION]: MEMORIA
[INFO] 14:40:10:438 [CPU]/(3040:3041): HANDSHAKE CON MEMORIA [EXITOSO]
[INFO] 14:41:37:250 [CPU]/(3040:3043): Cliente conectado a Kernel por dispatch
[INFO] 14:41:37:250 [CPU]/(3040:3042): Cliente conectado a Kernel por interrupt
[INFO] 14:41:37:251 [CPU]/(3040:3043): ::::::::::: KERNEL CONECTADO POR DISPATCH ::::::::::::
[INFO] 14:41:37:251 [CPU]/(3040:3042): ::::::::::: KERNEL CONECTADO POR INTERRUPT ::::::::::::
[ERROR] 14:42:00:714 [CPU]/(3040:3041): [DESCONEXION]: MEMORIA
[INFO] 14:47:57:942 [CPU]/(3394:3395): HANDSHAKE CON MEMORIA [EXITOSO]
[INFO] 14:48:07:625 [CPU]/(3394:3397): Cliente conectado a Kernel por dispatch
[INFO] 14:48:07:625 [CPU]/(3394:3396): Cliente conectado a Kernel por interrupt
[INFO] 14:48:07:625 [CPU]/(3394:3397): ::::::::::: KERNEL CONECTADO POR DISPATCH ::::::::::::
[INFO] 14:48:07:626 [CPU]/(3394:3396): ::::::::::: KERNEL CONECTADO POR INTERRUPT ::::::::::::
[ERROR] 14:50:31:347 [CPU]/(3394:3396): [DESCONEXION]: KERNEL_Interrupt
[INFO] 14:53:29:134 [CPU]/(3429:3430): HANDSHAKE CON MEMORIA [EXITOSO]
[INFO] 14:53:39:867 [CPU]/(3429:3431): Cliente conectado a Kernel por interrupt
[INFO] 14:53:39:867 [CPU]/(3429:3432): Cliente conectado a Kernel por dispatch
[INFO] 14:53:39:872 [CPU]/(3429:3432): ::::::::::: KERNEL CONECTADO POR DISPATCH ::::::::::::
[INFO] 14:53:39:872 [CPU]/(3429:3431): ::::::::::: KERNEL CONECTADO POR INTERRUPT ::::::::::::
[ERROR] 15:00:33:573 [CPU]/(3429:3432): [DESCONEXION]: KERNEL_Dispatch
[ERROR] 15:00:33:573 [CPU]/(3429:3431): [DESCONEXION]: KERNEL_Interrupt
[INFO] 15:00:52:731 [CPU]/(3595:3597): Cliente conectado a Kernel por interrupt
[INFO] 15:00:52:731 [CPU]/(3595:3598): Cliente conectado a Kernel por dispatch
[INFO] 15:00:52:734 [CPU]/(3595:3598): ::::::::::: KERNEL CONECTADO POR DISPATCH ::::::::::::
[INFO] 15:00:52:734 [CPU]/(3595:3597): ::::::::::: KERNEL CONECTADO POR INTERRUPT ::::::::::::
[INFO] 02:42:39:689 [CPU]/(2101:2102): HANDSHAKE CON MEMORIA [EXITOSO]
[INFO] 02:43:15:017 [CPU]/(2101:2104): Cliente conectado a Kernel por dispatch
[INFO] 02:43:15:017 [CPU]/(2101:2104): ::::::::::: KERNEL CONECTADO POR DISPATCH ::::::::::::
[INFO] 02:43:15:018 [CPU]/(2101:2103): Cliente conectado a Kernel por interrupt
[INFO] 02:43:15:019 [CPU]/(2101:2103): ::::::::::: KERNEL CONECTADO POR INTERRUPT ::::::::::::
[ERROR] 02:43:49:564 [CPU]/(2101:2104): [DESCONEXION]: KERNEL_Dispatch
[INFO] 02:53:11:826 [CPU]/(2165:2166): HANDSHAKE CON MEMORIA [EXITOSO]
[INFO] 02:55:51:271 [CPU]/(2165:2168): Cliente conectado a Kernel por dispatch
[INFO] 02:55:51:272 [CPU]/(2165:2168): ::::::::::: KERNEL CONECTADO POR DISPATCH ::::::::::::
[INFO] 02:55:51:271 [CPU]/(2165:2167): Cliente conectado a Kernel por interrupt
[INFO] 02:55:51:272 [CPU]/(2165:2167): ::::::::::: KERNEL CONECTADO POR INTERRUPT ::::::::::::
[ERROR] 03:03:44:748 [CPU]/(2165:2166): [DESCONEXION]: MEMORIA
[ERROR] 03:04:02:866 [CPU]/(2770:2771): Error en handshake con MEMORIA
[ERROR] 03:04:10:639 [CPU]/(2775:2776): Error en handshake con MEMORIA
[ERROR] 03:05:02:061 [CPU]/(2816:2817): Error en handshake con MEMORIA
[INFO] 03:12:59:390 [CPU]/(1930:1931): HANDSHAKE CON MEMORIA [EXITOSO]
[ERROR] 03:12:59:399 [CPU]/(1930:1931): [DESCONEXION]: MEMORIA
[ERROR] 03:13:07:393 [CPU]/(1935:1936): Error en handshake con MEMORIA
[INFO] 03:16:20:399 [CPU]/(2172:2173): HANDSHAKE CON MEMORIA [EXITOSO]
[INFO] 03:16:23:442 [CPU]/(2172:2175): Cliente conectado a Kernel por dispatch
[INFO] 03:16:23:442 [CPU]/(2172:2174): Cliente conectado a Kernel por interrupt
[INFO] 03:16:23:449 [CPU]/(2172:2175): ::::::::::: KERNEL CONECTADO POR DISPATCH ::::::::::::
[INFO] 03:16:23:453 [CPU]/(2172:2174): ::::::::::: KERNEL CONECTADO POR INTERRUPT ::::::::::::
[ERROR] 03:16:45:954 [CPU]/(2172:2174): [DESCONEXION]: KERNEL_Interrupt
[INFO] 03:54:04:989 [CPU]/(3160:3161): HANDSHAKE CON MEMORIA [EXITOSO]
[INFO] 03:54:19:511 [CPU]/(3160:3163): Cliente conectado a Kernel por dispatch
[INFO] 03:54:19:511 [CPU]/(3160:3162): Cliente conectado a Kernel por interrupt
[INFO] 03:54:19:512 [CPU]/(3160:3163): ::::::::::: KERNEL CONECTADO POR DISPATCH ::::::::::::
[INFO] 03:54:19:512 [CPU]/(3160:3162): ::::::::::: KERNEL CONECTADO POR INTERRUPT ::::::::::::
[ERROR] 04:04:44:819 [CPU]/(3160:3162): [DESCONEXION]: KERNEL_Interrupt
[INFO] 04:10:08:303 [CPU]/(3872:3875): Cliente conectado a Kernel por dispatch
[INFO] 04:10:08:303 [CPU]/(3872:3874): Cliente conectado a Kernel por interrupt
[INFO] 04:10:08:304 [CPU]/(3872:3875): ::::::::::: KERNEL CONECTADO POR DISPATCH ::::::::::::
[INFO] 04:10:08:304 [CPU]/(3872:3874): ::::::::::: KERNEL CONECTADO POR INTERRUPT ::::::::::::
[ERROR] 04:14:49:249 [CPU]/(3872:3875): [DESCONEXION]: KERNEL_Dispatch
[INFO] 04:15:40:263 [CPU]/(3992:3993): HANDSHAKE CON MEMORIA [EXITOSO]
[ERROR] 04:18:06:264 [CPU]/(3992:3993): [DESCONEXION]: MEMORIA
[INFO] 04:18:11:618 [CPU]/(4492:4493): HANDSHAKE CON MEMORIA [EXITOSO]
[ERROR] 04:19:56:019 [CPU]/(4492:4493): [DESCONEXION]: MEMORIA
[INFO] 04:22:24:658 [CPU]/(4728:4729): HANDSHAKE CON MEMORIA [EXITOSO]
[INFO] 04:22:28:698 [CPU]/(4728:4730): Cliente conectado a Kernel por interrupt
[INFO] 04:22:28:699 [CPU]/(4728:4731): Cliente conectado a Kernel por dispatch
[INFO] 04:22:28:699 [CPU]/(4728:4730): ::::::::::: KERNEL CONECTADO POR INTERRUPT ::::::::::::
[INFO] 04:22:28:699 [CPU]/(4728:4731): ::::::::::: KERNEL CONECTADO POR DISPATCH ::::::::::::
[ERROR] 04:27:26:133 [CPU]/(4728:4729): [DESCONEXION]: MEMORIA
[ERROR] 04:59:07:738 [CPU]/(3367:3368): Error en handshake con MEMORIA
[ERROR] 04:59:36:979 [CPU]/(3387:3388): Error en handshake con MEMORIA
[ERROR] 05:02:27:695 [CPU]/(3510:3511): Error en handshake con MEMORIA
[ERROR] 05:05:18:381 [CPU]/(3827:3828): Error en handshake con MEMORIA
[INFO] 05:13:27:827 [CPU]/(3978:3979): HANDSHAKE CON MEMORIA [EXITOSO]
[ERROR] 05:13:33:345 [CPU]/(3978:3979): [DESCONEXION]: MEMORIA
[INFO] 05:24:36:754 [CPU]/(4548:4549): HANDSHAKE CON MEMORIA [EXITOSO]
[INFO] 05:24:43:722 [CPU]/(4548:4550): Cliente conectado a Kernel por interrupt
[INFO] 05:24:43:722 [CPU]/(4548:4551): Cliente conectado a Kernel por dispatch
[INFO] 05:24:43:725 [CPU]/(4548:4550): ::::::::::: KERNEL CONECTADO POR INTERRUPT ::::::::::::
[INFO] 05:24:43:725 [CPU]/(4548:4551): ::::::::::: KERNEL CONECTADO POR DISPATCH ::::::::::::
[ERROR] 05:26:33:269 [CPU]/(4548:4551): [DESCONEXION]: KERNEL_Dispatch
[ERROR] 05:26:33:270 [CPU]/(4548:4550): [DESCONEXION]: KERNEL_Interrupt
[INFO] 05:26:40:986 [CPU]/(4632:4633): HANDSHAKE CON MEMORIA [EXITOSO]
[INFO] 05:26:49:743 [CPU]/(4632:4634): Cliente conectado a Kernel por interrupt
[INFO] 05:26:49:743 [CPU]/(4632:4635): Cliente conectado a Kernel por dispatch
[INFO] 05:26:49:743 [CPU]/(4632:4635): ::::::::::: KERNEL CONECTADO POR DISPATCH ::::::::::::
[INFO] 05:26:49:744 [CPU]/(4632:4634): ::::::::::: KERNEL CONECTADO POR INTERRUPT ::::::::::::
[ERROR] 05:27:10:557 [CPU]/(4632:4633): [DESCONEXION]: MEMORIA
[INFO] 05:27:18:626 [CPU]/(4724:4725): HANDSHAKE CON MEMORIA [EXITOSO]
[INFO] 05:27:23:407 [CPU]/(4724:4727): Cliente conectado a Kernel por dispatch
[INFO] 05:27:23:407 [CPU]/(4724:4726): Cliente conectado a Kernel por interrupt
[INFO] 05:27:23:408 [CPU]/(4724:4727): ::::::::::: KERNEL CONECTADO POR DISPATCH ::::::::::::
[INFO] 05:27:23:408 [CPU]/(4724:4726): ::::::::::: KERNEL CONECTADO POR INTERRUPT ::::::::::::
[ERROR] 05:29:20:996 [CPU]/(4724:4727): [DESCONEXION]: KERNEL_Dispatch
[ERROR] 05:31:13:871 [CPU]/(4955:4956): Error en handshake con MEMORIA
[ERROR] 05:31:30:177 [CPU]/(4966:4967): Error en handshake con MEMORIA
[INFO] 05:32:00:222 [CPU]/(4977:4978): HANDSHAKE CON MEMORIA [EXITOSO]
[ERROR] 05:32:00:313 [CPU]/(4977:4978): [DESCONEXION]: MEMORIA
[ERROR] 05:33:00:549 [CPU]/(5024:5025): Error en handshake con MEMORIA
[ERROR] 05:35:38:192 [CPU]/(5168:5169): Error en handshake con MEMORIA
[ERROR] 05:40:20:352 [CPU]/(1925:1926): Error en handshake con MEMORIA
[ERROR] 05:41:22:960 [CPU]/(1972:1973): Error en handshake con MEMORIA
[ERROR] 05:42:31:262 [CPU]/(2112:2113): Error en handshake con MEMORIA
[INFO] 05:42:54:704 [CPU]/(2137:2138): HANDSHAKE CON MEMORIA [EXITOSO]
[INFO] 05:45:55:957 [CPU]/(2137:2140): Cliente conectado a Kernel por dispatch
[INFO] 05:45:55:958 [CPU]/(2137:2139): Cliente conectado a Kernel por interrupt
[INFO] 05:45:55:974 [CPU]/(2137:2139): ::::::::::: KERNEL CONECTADO POR INTERRUPT ::::::::::::
[INFO] 05:45:55:975 [CPU]/(2137:2140): ::::::::::: KERNEL CONECTADO POR DISPATCH ::::::::::::
[ERROR] 05:47:46:948 [CPU]/(2137:2140): [DESCONEXION]: KERNEL_Dispatch
[INFO] 05:47:58:413 [CPU]/(2348:2349): HANDSHAKE CON MEMORIA [EXITOSO]
[INFO] 05:50:03:896 [CPU]/(2348:2351): Cliente conectado a Kernel por dispatch
[INFO] 05:50:03:896 [CPU]/(2348:2350): Cliente conectado a Kernel por interrupt
[INFO] 05:50:03:897 [CPU]/(2348:2351): ::::::::::: KERNEL CONECTADO POR DISPATCH ::::::::::::
[INFO] 05:50:03:901 [CPU]/(2348:2350): ::::::::::: KERNEL CONECTADO POR INTERRUPT ::::::::::::
[ERROR] 05:50:30:712 [CPU]/(2348:2349): [DESCONEXION]: MEMORIA
[INFO] 05:50:42:427 [CPU]/(2449:2450): HANDSHAKE CON MEMORIA [EXITOSO]
[INFO] 05:51:15:378 [CPU]/(2449:2451): Cliente conectado a Kernel por interrupt
[INFO] 05:51:15:378 [CPU]/(2449:2452): Cliente conectado a Kernel por dispatch
[INFO] 05:51:15:381 [CPU]/(2449:2452): ::::::::::: KERNEL CONECTADO POR DISPATCH ::::::::::::
[INFO] 05:51:15:382 [CPU]/(2449:2451): ::::::::::: KERNEL CONECTADO POR INTERRUPT ::::::::::::
[ERROR] 06:15:24:087 [CPU]/(2449:2450): [DESCONEXION]: MEMORIA
[INFO] 06:15:34:160 [CPU]/(2964:2965): HANDSHAKE CON MEMORIA [EXITOSO]
[INFO] 06:18:10:791 [CPU]/(2964:2967): Cliente conectado a Kernel por dispatch
[INFO] 06:18:10:791 [CPU]/(2964:2966): Cliente conectado a Kernel por interrupt
[INFO] 06:18:10:792 [CPU]/(2964:2967): ::::::::::: KERNEL CONECTADO POR DISPATCH ::::::::::::
[INFO] 06:18:10:792 [CPU]/(2964:2966): ::::::::::: KERNEL CONECTADO POR INTERRUPT ::::::::::::
[ERROR] 06:18:52:855 [CPU]/(2964:2965): [DESCONEXION]: MEMORIA
[ERROR] 06:36:54:126 [CPU]/(2151:2152): Error en handshake con MEMORIA
[INFO] 06:37:16:817 [CPU]/(2163:2164): HANDSHAKE CON MEMORIA [EXITOSO]
[INFO] 06:37:19:618 [CPU]/(2163:2165): Cliente conectado a Kernel por interrupt
[INFO] 06:37:19:618 [CPU]/(2163:2166): Cliente conectado a Kernel por dispatch
[INFO] 06:37:19:619 [CPU]/(2163:2165): ::::::::::: KERNEL CONECTADO POR INTERRUPT ::::::::::::
[INFO] 06:37:19:619 [CPU]/(2163:2166): ::::::::::: KERNEL CONECTADO POR DISPATCH ::::::::::::
[ERROR] 06:38:06:808 [CPU]/(2163:2164): [DESCONEXION]: MEMORIA
[INFO] 06:39:54:035 [CPU]/(2192:2193): HANDSHAKE CON MEMORIA [EXITOSO]
[ERROR] 06:43:31:506 [CPU]/(2192:2193): [DESCONEXION]: MEMORIA
[ERROR] 06:55:20:897 [CPU]/(29418:29419): Error en handshake con MEMORIA
[INFO] 07:13:44:564 [CPU]/(30765:30766): HANDSHAKE CON MEMORIA [EXITOSO]
[ERROR] 07:13:53:276 [CPU]/(30765:30766): [DESCONEXION]: MEMORIA
[INFO] 07:14:10:366 [CPU]/(30775:30776): HANDSHAKE CON MEMORIA [EXITOSO]
[ERROR] 07:14:10:461 [CPU]/(30775:30776): [DESCONEXION]: MEMORIA
[INFO] 07:14:52:069 [CPU]/(30783:30784): HANDSHAKE CON MEMORIA [EXITOSO]
[ERROR] 07:14:55:694 [CPU]/(30783:30784): [DESCONEXION]: MEMORIA
[ERROR] 07:19:23:864 [CPU]/(30924:30925): Error en handshake con MEMORIA
[INFO] 07:19:38:315 [CPU]/(30935:30936): HANDSHAKE CON MEMORIA [EXITOSO]
[ERROR] 07:20:51:876 [CPU]/(30935:30936): [DESCONEXION]: MEMORIA
[INFO] 07:21:01:902 [CPU]/(31023:31024): HANDSHAKE CON MEMORIA [EXITOSO]
[ERROR] 07:22:12:896 [CPU]/(31023:31024): [DESCONEXION]: MEMORIA
[INFO] 07:29:40:104 [CPU]/(31370:31371): HANDSHAKE CON MEMORIA [EXITOSO]
[ERROR] 07:29:43:949 [CPU]/(31370:31371): [DESCONEXION]: MEMORIA
[INFO] 07:37:38:878 [CPU]/(31675:31676): HANDSHAKE CON MEMORIA [EXITOSO]
[INFO] 16:20:40:390 [CPU]/(3616:3617): HANDSHAKE CON MEMORIA [EXITOSO]
[INFO] 16:23:42:034 [CPU]/(3616:3619): Cliente conectado a Kernel por dispatch
[INFO] 16:23:42:034 [CPU]/(3616:3619): ::::::::::: KERNEL CONECTADO POR DISPATCH ::::::::::::
[INFO] 16:23:42:036 [CPU]/(3616:3618): Cliente conectado a Kernel por interrupt
[INFO] 16:23:42:039 [CPU]/(3616:3618): ::::::::::: KERNEL CONECTADO POR INTERRUPT ::::::::::::
[ERROR] 16:24:20:041 [CPU]/(3616:3617): [DESCONEXION]: MEMORIA
[ERROR] 16:26:08:785 [CPU]/(3791:3792): Error en handshake con MEMORIA
